app/build/intermediates/manifest_merge_blame_file/debug/manifest-merger-blame-debug-report.txt
1<?xml version="1.0" encoding="utf-8"?>
2<manifest xmlns:android="http://schemas.android.com/apk/res/android"
3    package="org.appspot.apprtc"
4    android:versionCode="1"
5    android:versionName="1.0" >
6
7    <uses-sdk
7-->src/main/AndroidManifest.xml:11:5-47
8        android:minSdkVersion="21"
8-->src/main/AndroidManifest.xml:11:5-47
9        android:targetSdkVersion="29" />
9-->src/main/AndroidManifest.xml:11:15-44
10
11    <uses-feature android:name="android.hardware.camera" />
11-->src/main/AndroidManifest.xml:8:5-60
11-->src/main/AndroidManifest.xml:8:19-57
12    <uses-feature android:name="android.hardware.camera.autofocus" />
12-->src/main/AndroidManifest.xml:9:5-70
12-->src/main/AndroidManifest.xml:9:19-67
13    <uses-feature
13-->src/main/AndroidManifest.xml:10:5-78
14        android:glEsVersion="0x00020000"
14-->src/main/AndroidManifest.xml:10:19-51
15        android:required="true" />
15-->src/main/AndroidManifest.xml:10:52-75
16
17    <uses-permission android:name="android.permission.CAMERA" />
17-->src/main/AndroidManifest.xml:13:5-65
17-->src/main/AndroidManifest.xml:13:22-62
18    <uses-permission android:name="android.permission.CHANGE_NETWORK_STATE" />
18-->src/main/AndroidManifest.xml:14:5-79
18-->src/main/AndroidManifest.xml:14:22-76
19    <uses-permission android:name="android.permission.MODIFY_AUDIO_SETTINGS" />
19-->src/main/AndroidManifest.xml:15:5-80
19-->src/main/AndroidManifest.xml:15:22-77
20    <uses-permission android:name="android.permission.RECORD_AUDIO" />
20-->src/main/AndroidManifest.xml:16:5-71
20-->src/main/AndroidManifest.xml:16:22-68
21    <uses-permission android:name="android.permission.BLUETOOTH" />
21-->src/main/AndroidManifest.xml:17:5-68
21-->src/main/AndroidManifest.xml:17:22-65
22    <uses-permission android:name="android.permission.INTERNET" />
22-->src/main/AndroidManifest.xml:18:5-67
22-->src/main/AndroidManifest.xml:18:22-64
23    <uses-permission android:name="android.permission.WRITE_EXTERNAL_STORAGE" />
23-->src/main/AndroidManifest.xml:19:5-80
23-->src/main/AndroidManifest.xml:19:22-78
24    <uses-permission android:name="android.permission.ACCESS_NETWORK_STATE" />
24-->src/main/AndroidManifest.xml:20:5-79
24-->src/main/AndroidManifest.xml:20:22-76
25    <!-- This is a test application that should always be debuggable. -->
26    <application
26-->src/main/AndroidManifest.xml:23:5-59:19
27        android:allowBackup="false"
27-->src/main/AndroidManifest.xml:25:18-45
28        android:appComponentFactory="androidx.core.app.CoreComponentFactory"
28-->[androidx.core:core:1.1.0] AndroidManifest.xml:24:18-86
29        android:debuggable="true"
29-->src/main/AndroidManifest.xml:26:18-43
30        android:icon="@drawable/ic_launcher"
30-->src/main/AndroidManifest.xml:24:18-54
31        android:label="@string/app_name"
31-->src/main/AndroidManifest.xml:23:18-50
32        android:supportsRtl="false"
32-->src/main/AndroidManifest.xml:27:18-45
33        android:testOnly="true" >
34        <activity
34-->src/main/AndroidManifest.xml:30:9-46:20
35            android:name="org.appspot.apprtc.ConnectActivity"
35-->src/main/AndroidManifest.xml:30:19-49
36            android:label="@string/app_name"
36-->src/main/AndroidManifest.xml:31:19-51
37            android:theme="@style/AppTheme"
37-->src/main/AndroidManifest.xml:33:19-50
38            android:windowSoftInputMode="adjustPan" >
38-->src/main/AndroidManifest.xml:32:19-58
39            <intent-filter>
39-->src/main/AndroidManifest.xml:34:13-37:29
40                <action android:name="android.intent.action.MAIN" />
40-->src/main/AndroidManifest.xml:35:17-68
40-->src/main/AndroidManifest.xml:35:25-66
41
42                <category android:name="android.intent.category.LAUNCHER" />
42-->src/main/AndroidManifest.xml:36:17-76
42-->src/main/AndroidManifest.xml:36:27-74
43            </intent-filter>
44            <intent-filter>
44-->src/main/AndroidManifest.xml:39:13-45:29
45                <action android:name="android.intent.action.VIEW" />
45-->src/main/AndroidManifest.xml:40:17-68
45-->src/main/AndroidManifest.xml:40:25-66
46
47                <category android:name="android.intent.category.DEFAULT" />
47-->src/main/AndroidManifest.xml:41:17-75
47-->src/main/AndroidManifest.xml:41:27-73
48                <category android:name="android.intent.category.BROWSABLE" />
48-->src/main/AndroidManifest.xml:42:17-77
48-->src/main/AndroidManifest.xml:42:27-75
49
50                <data
50-->src/main/AndroidManifest.xml:43:17-70
51                    android:host="appr.tc"
51-->src/main/AndroidManifest.xml:43:46-68
52                    android:scheme="https" />
52-->src/main/AndroidManifest.xml:43:23-45
53                <data
53-->src/main/AndroidManifest.xml:43:17-70
54                    android:host="appr.tc"
54-->src/main/AndroidManifest.xml:43:46-68
55                    android:scheme="http" />
55-->src/main/AndroidManifest.xml:43:23-45
56            </intent-filter>
57        </activity>
58        <activity
58-->src/main/AndroidManifest.xml:48:9-51:20
59            android:name="org.appspot.apprtc.SettingsActivity"
59-->src/main/AndroidManifest.xml:48:19-50
60            android:label="@string/settings_name"
60-->src/main/AndroidManifest.xml:49:19-56
61            android:theme="@style/AppTheme" >
61-->src/main/AndroidManifest.xml:50:19-50
62        </activity>
63        <activity
63-->src/main/AndroidManifest.xml:53:9-58:20
64            android:name="org.appspot.apprtc.CallActivity"
64-->src/main/AndroidManifest.xml:53:19-46
65            android:configChanges="orientation|smallestScreenSize|screenSize|screenLayout"
65-->src/main/AndroidManifest.xml:56:19-97
66            android:label="@string/app_name"
66-->src/main/AndroidManifest.xml:54:19-51
67            android:screenOrientation="fullUser"
67-->src/main/AndroidManifest.xml:55:19-55
68            android:theme="@style/CallActivityTheme" >
68-->src/main/AndroidManifest.xml:57:19-59
69        </activity>
70    </application>
71
72</manifest>